09 Jul 2018 17:03:21,410 Map.java|106 : Database and map updated
09 Jul 2018 17:03:21,413 Map.java|106 : Database and map updated
09 Jul 2018 17:03:21,414 Map.java|106 : Database and map updated
09 Jul 2018 17:03:21,415 Map.java|106 : Database and map updated
09 Jul 2018 17:03:21,415 Map.java|111 : 0,1,0,0,
09 Jul 2018 17:03:21,415 Map.java|116 : 0,1,0,0,
09 Jul 2018 17:03:21,416 Map.java|121 : File 1,File 2,File 3,File 4,
09 Jul 2018 17:03:21,416 Map.java|125 : 1234,5678,49123,6767,
09 Jul 2018 17:03:21,416 Map.java|129 : documents,documents,downloads,desktop,
09 Jul 2018 17:03:21,417 Map.java|133 : Windows 64 bit,Windows 64 bit,Windows 64 bit,Windows 64 bit,
09 Jul 2018 17:37:11,050 Map.java|106 : Database and map updated
09 Jul 2018 17:37:11,055 Map.java|106 : Database and map updated
09 Jul 2018 17:37:11,072 Map.java|106 : Database and map updated
09 Jul 2018 17:37:11,073 Map.java|106 : Database and map updated
09 Jul 2018 17:37:11,074 Map.java|111 : 0,1,0,0,
09 Jul 2018 17:37:11,074 Map.java|116 : 0,1,0,0,
09 Jul 2018 17:37:11,075 Map.java|121 : File 1,File 2,File 3,File 4,
09 Jul 2018 17:37:11,075 Map.java|125 : 1234,5678,49123,6767,
09 Jul 2018 17:37:11,076 Map.java|129 : documents,documents,downloads,desktop,
09 Jul 2018 17:37:11,076 Map.java|133 : Windows 64 bit,Windows 64 bit,Windows 64 bit,Windows 64 bit,
09 Jul 2018 17:37:11,262 Map.java|156 : No need for any update for file : File 1
09 Jul 2018 17:37:11,262 Map.java|167 : File does'nt exist on server. Delete file : File 2
09 Jul 2018 17:37:11,263 Map.java|159 : File needs update as its md5 is different. file : File 3
09 Jul 2018 17:37:11,265 Map.java|185 : changed files are : File 2,File 3,File 4,
09 Jul 2018 17:37:11,265 Map.java|186 : changed md5 are : 5678,9123,6767,
09 Jul 2018 17:37:11,265 Map.java|187 : operation types are : 2,1,3,
09 Jul 2018 17:37:11,266 Map.java|188 : Locations of changed files are: documents,downloads,desktop,
09 Jul 2018 17:37:11,267 Map.java|198 : sending to client
09 Jul 2018 17:37:11,274 Map.java|200 : recieving from client for file update
09 Jul 2018 17:46:25,754 Map.java|106 : Database and map updated
09 Jul 2018 17:46:25,757 Map.java|106 : Database and map updated
09 Jul 2018 17:46:25,757 Map.java|106 : Database and map updated
09 Jul 2018 17:46:25,758 Map.java|106 : Database and map updated
09 Jul 2018 17:46:25,758 Map.java|111 : 0,1,0,0,
09 Jul 2018 17:46:25,758 Map.java|116 : 0,1,0,0,
09 Jul 2018 17:46:25,759 Map.java|121 : File 1,File 2,File 3,File 4,
09 Jul 2018 17:46:25,759 Map.java|125 : 1234,5678,49123,6767,
09 Jul 2018 17:46:25,759 Map.java|129 : documents,documents,downloads,desktop,
09 Jul 2018 17:46:25,759 Map.java|133 : Windows 64 bit,Windows 64 bit,Windows 64 bit,Windows 64 bit,
09 Jul 2018 17:46:25,817 Map.java|156 : No need for any update for file : File 1
09 Jul 2018 17:46:25,818 Map.java|167 : File does'nt exist on server. Delete file : File 2
09 Jul 2018 17:46:25,818 Map.java|159 : File needs update as its md5 is different. file : File 3
09 Jul 2018 17:46:25,818 Map.java|185 : changed files are : File 2,File 3,File 4,
09 Jul 2018 17:46:25,819 Map.java|186 : changed md5 are : 5678,9123,6767,
09 Jul 2018 17:46:25,819 Map.java|187 : operation types are : 2,1,3,
09 Jul 2018 17:46:25,819 Map.java|188 : Locations of changed files are: documents,downloads,desktop,
09 Jul 2018 17:46:25,820 Map.java|198 : sending to client
09 Jul 2018 17:46:25,823 Map.java|200 : recieving from client for file update
10 Jul 2018 11:17:02,115 Map.java|106 : Database and map updated
10 Jul 2018 11:17:02,115 Map.java|106 : Database and map updated
10 Jul 2018 11:17:02,115 Map.java|106 : Database and map updated
10 Jul 2018 11:17:02,115 Map.java|106 : Database and map updated
10 Jul 2018 11:17:02,115 Map.java|111 : 0,0,0,0,
10 Jul 2018 11:17:02,115 Map.java|116 : 0,0,0,0,
10 Jul 2018 11:17:02,115 Map.java|121 : File 1,File 2,File 3,File 4,
10 Jul 2018 11:17:02,115 Map.java|125 : 1234,5678,49123,6767,
10 Jul 2018 11:17:02,115 Map.java|129 : documents,documents,downloads,desktop,
10 Jul 2018 11:17:02,115 Map.java|133 : Windows 64 bit,Windows 64 bit,Windows 64 bit,Windows 64 bit,
10 Jul 2018 11:17:02,200 Map.java|156 : No need for any update for file : File 1
10 Jul 2018 11:17:02,200 Map.java|156 : No need for any update for file : File 2
10 Jul 2018 11:17:02,200 Map.java|159 : File needs update as its md5 is different. file : File 3
10 Jul 2018 11:17:02,200 Map.java|185 : changed files are : File 3,File 4,
10 Jul 2018 11:17:02,200 Map.java|186 : changed md5 are : 9123,6767,
10 Jul 2018 11:17:02,200 Map.java|187 : operation types are : 1,3,
10 Jul 2018 11:17:02,200 Map.java|188 : Locations of changed files are: downloads,desktop,
10 Jul 2018 11:17:02,200 Map.java|198 : sending to client
10 Jul 2018 11:17:02,200 Map.java|200 : recieving from client for file update
10 Jul 2018 11:22:55,045 Map.java|106 : Database and map updated
10 Jul 2018 11:22:55,045 Map.java|106 : Database and map updated
10 Jul 2018 11:22:55,045 Map.java|106 : Database and map updated
10 Jul 2018 11:22:55,045 Map.java|106 : Database and map updated
10 Jul 2018 11:22:55,045 Map.java|111 : 0,0,0,0,
10 Jul 2018 11:22:55,045 Map.java|116 : 0,0,0,0,
10 Jul 2018 11:22:55,045 Map.java|121 : File 1,File 2,File 3,File 4,
10 Jul 2018 11:22:55,045 Map.java|125 : 1234,5678,49123,6767,
10 Jul 2018 11:22:55,045 Map.java|129 : documents,documents,downloads,desktop,
10 Jul 2018 11:22:55,045 Map.java|133 : Windows 64 bit,Windows 64 bit,Windows 64 bit,Windows 64 bit,
10 Jul 2018 11:22:55,100 Map.java|156 : No need for any update for file : File 1
10 Jul 2018 11:22:55,100 Map.java|156 : No need for any update for file : File 2
10 Jul 2018 11:22:55,100 Map.java|159 : File needs update as its md5 is different. file : File 3
10 Jul 2018 11:22:55,104 Map.java|185 : changed files are : File 3,File 4,
10 Jul 2018 11:22:55,104 Map.java|186 : changed md5 are : 9123,6767,
10 Jul 2018 11:22:55,104 Map.java|187 : operation types are : 1,3,
10 Jul 2018 11:22:55,104 Map.java|188 : Locations of changed files are: downloads,desktop,
10 Jul 2018 11:22:55,108 Map.java|198 : sending to client
10 Jul 2018 11:22:55,116 Map.java|200 : recieving from client for file update
10 Jul 2018 11:26:22,516 Map.java|106 : Database and map updated
10 Jul 2018 11:26:22,516 Map.java|106 : Database and map updated
10 Jul 2018 11:26:22,516 Map.java|106 : Database and map updated
10 Jul 2018 11:26:22,531 Map.java|106 : Database and map updated
10 Jul 2018 11:26:22,531 Map.java|111 : 0,0,0,0,
10 Jul 2018 11:26:22,531 Map.java|116 : 0,0,0,0,
10 Jul 2018 11:26:22,531 Map.java|121 : File 1,File 2,File 3,File 4,
10 Jul 2018 11:26:22,531 Map.java|125 : 1234,5678,49123,6767,
10 Jul 2018 11:26:22,531 Map.java|129 : documents,documents,downloads,desktop,
10 Jul 2018 11:26:22,531 Map.java|133 : Windows 64 bit,Windows 64 bit,Windows 64 bit,Windows 64 bit,
10 Jul 2018 11:26:22,563 Map.java|156 : No need for any update for file : File 1
10 Jul 2018 11:26:22,563 Map.java|156 : No need for any update for file : File 2
10 Jul 2018 11:26:22,563 Map.java|159 : File needs update as its md5 is different. file : File 3
10 Jul 2018 11:26:22,563 Map.java|185 : changed files are : File 3,File 4,
10 Jul 2018 11:26:22,563 Map.java|186 : changed md5 are : 9123,6767,
10 Jul 2018 11:26:22,563 Map.java|187 : operation types are : 1,3,
10 Jul 2018 11:26:22,563 Map.java|188 : Locations of changed files are: downloads,desktop,
10 Jul 2018 11:26:22,567 Map.java|198 : sending to client
10 Jul 2018 11:26:22,567 Map.java|200 : recieving from client for file update
10 Jul 2018 11:31:19,183 Map.java|106 : Database and map updated
10 Jul 2018 11:31:19,183 Map.java|106 : Database and map updated
10 Jul 2018 11:31:19,183 Map.java|106 : Database and map updated
10 Jul 2018 11:31:19,183 Map.java|106 : Database and map updated
10 Jul 2018 11:31:19,183 Map.java|111 : 0,0,0,0,
10 Jul 2018 11:31:19,183 Map.java|116 : 0,0,0,0,
10 Jul 2018 11:31:19,183 Map.java|121 : File 1,File 2,File 3,File 4,
10 Jul 2018 11:31:19,183 Map.java|125 : 1234,5678,49123,6767,
10 Jul 2018 11:31:19,183 Map.java|129 : documents,documents,downloads,desktop,
10 Jul 2018 11:31:19,183 Map.java|133 : Windows 64 bit,Windows 64 bit,Windows 64 bit,Windows 64 bit,
10 Jul 2018 11:31:19,230 Map.java|156 : No need for any update for file : File 1
10 Jul 2018 11:31:19,230 Map.java|156 : No need for any update for file : File 2
10 Jul 2018 11:31:19,230 Map.java|159 : File needs update as its md5 is different. file : File 3
10 Jul 2018 11:31:19,230 Map.java|185 : changed files are : File 3,File 4,
10 Jul 2018 11:31:19,230 Map.java|186 : changed md5 are : 9123,6767,
10 Jul 2018 11:31:19,230 Map.java|187 : operation types are : 1,3,
10 Jul 2018 11:31:19,230 Map.java|188 : Locations of changed files are: downloads,desktop,
10 Jul 2018 11:31:19,230 Map.java|198 : sending to client
10 Jul 2018 11:31:19,230 Map.java|200 : recieving from client for file update
10 Jul 2018 11:38:38,012 Map.java|106 : Database and map updated
10 Jul 2018 11:38:38,012 Map.java|106 : Database and map updated
10 Jul 2018 11:38:38,012 Map.java|106 : Database and map updated
10 Jul 2018 11:38:38,012 Map.java|106 : Database and map updated
10 Jul 2018 11:38:38,012 Map.java|111 : 0,0,0,0,
10 Jul 2018 11:38:38,012 Map.java|116 : 0,0,0,0,
10 Jul 2018 11:38:38,012 Map.java|121 : File 1,File 2,File 3,File 4,
10 Jul 2018 11:38:38,012 Map.java|125 : 1234,5678,49123,6767,
10 Jul 2018 11:38:38,012 Map.java|129 : documents,documents,downloads,desktop,
10 Jul 2018 11:38:38,012 Map.java|133 : Windows 64 bit,Windows 64 bit,Windows 64 bit,Windows 64 bit,
10 Jul 2018 11:38:38,043 Map.java|156 : No need for any update for file : File 1
10 Jul 2018 11:38:38,043 Map.java|156 : No need for any update for file : File 2
10 Jul 2018 11:38:38,043 Map.java|159 : File needs update as its md5 is different. file : File 3
10 Jul 2018 11:38:38,043 Map.java|185 : changed files are : File 3,File 4,
10 Jul 2018 11:38:38,043 Map.java|186 : changed md5 are : 9123,6767,
10 Jul 2018 11:38:38,043 Map.java|187 : operation types are : 1,3,
10 Jul 2018 11:38:38,043 Map.java|188 : Locations of changed files are: downloads,desktop,
10 Jul 2018 11:38:38,059 Map.java|198 : sending to client
10 Jul 2018 11:38:38,059 Map.java|200 : recieving from client for file update
10 Jul 2018 11:45:50,819 Map.java|106 : Database and map updated
10 Jul 2018 11:45:50,819 Map.java|106 : Database and map updated
10 Jul 2018 11:45:50,819 Map.java|106 : Database and map updated
10 Jul 2018 11:45:50,819 Map.java|106 : Database and map updated
10 Jul 2018 11:45:50,819 Map.java|111 : 0,0,0,0,
10 Jul 2018 11:45:50,819 Map.java|116 : 0,0,0,0,
10 Jul 2018 11:45:50,819 Map.java|121 : File 1,File 2,File 3,File 4,
10 Jul 2018 11:45:50,819 Map.java|125 : 1234,5678,49123,6767,
10 Jul 2018 11:45:50,819 Map.java|129 : documents,documents,downloads,desktop,
10 Jul 2018 11:45:50,819 Map.java|133 : Windows 64 bit,Windows 64 bit,Windows 64 bit,Windows 64 bit,
10 Jul 2018 11:45:50,865 Map.java|156 : No need for any update for file : File 1
10 Jul 2018 11:45:50,865 Map.java|156 : No need for any update for file : File 2
10 Jul 2018 11:45:50,865 Map.java|159 : File needs update as its md5 is different. file : File 3
10 Jul 2018 11:45:50,865 Map.java|185 : changed files are : File 3,File 4,
10 Jul 2018 11:45:50,865 Map.java|186 : changed md5 are : 49123,6767,
10 Jul 2018 11:45:50,865 Map.java|187 : operation types are : 1,3,
10 Jul 2018 11:45:50,865 Map.java|188 : Locations of changed files are: downloads,desktop,
10 Jul 2018 11:45:50,865 Map.java|198 : sending to client
10 Jul 2018 11:45:50,865 Map.java|200 : recieving from client for file update
10 Jul 2018 14:57:37,555 Map.java|106 : Database and map updated
10 Jul 2018 14:57:37,571 Map.java|106 : Database and map updated
10 Jul 2018 14:57:37,571 Map.java|106 : Database and map updated
10 Jul 2018 14:57:37,571 Map.java|106 : Database and map updated
10 Jul 2018 14:57:37,571 Map.java|111 : 0,0,0,0,
10 Jul 2018 14:57:37,571 Map.java|116 : 0,0,0,0,
10 Jul 2018 14:57:37,571 Map.java|121 : File 1,File 2,File 3,File 4,
10 Jul 2018 14:57:37,571 Map.java|125 : 1234,5678,49123,6767,
10 Jul 2018 14:57:37,571 Map.java|129 : documents,documents,downloads,desktop,
10 Jul 2018 14:57:37,571 Map.java|133 : Windows 64 bit,Windows 64 bit,Windows 64 bit,Windows 64 bit,
10 Jul 2018 14:57:37,655 Map.java|156 : No need for any update for file : File 1
10 Jul 2018 14:57:37,655 Map.java|156 : No need for any update for file : File 2
10 Jul 2018 14:57:37,655 Map.java|159 : File needs update as its md5 is different. file : File 3
10 Jul 2018 14:57:37,655 Map.java|185 : changed files are : File 3,File 4,
10 Jul 2018 14:57:37,655 Map.java|186 : changed md5 are : 49123,6767,
10 Jul 2018 14:57:37,655 Map.java|187 : operation types are : 1,3,
10 Jul 2018 14:57:37,655 Map.java|188 : Locations of changed files are: downloads,desktop,
10 Jul 2018 14:57:37,655 Map.java|198 : sending to client
10 Jul 2018 15:01:00,725 Map.java|106 : Database and map updated
10 Jul 2018 15:01:00,725 Map.java|106 : Database and map updated
10 Jul 2018 15:01:00,725 Map.java|106 : Database and map updated
10 Jul 2018 15:01:00,725 Map.java|106 : Database and map updated
10 Jul 2018 15:01:00,725 Map.java|111 : 0,0,0,0,
10 Jul 2018 15:01:00,725 Map.java|116 : 0,0,0,0,
10 Jul 2018 15:01:00,725 Map.java|121 : File 1,File 2,File 3,File 4,
10 Jul 2018 15:01:00,725 Map.java|125 : 1234,5678,49123,6767,
10 Jul 2018 15:01:00,725 Map.java|129 : documents,documents,downloads,desktop,
10 Jul 2018 15:01:00,725 Map.java|133 : Windows 64 bit,Windows 64 bit,Windows 64 bit,Windows 64 bit,
10 Jul 2018 15:01:00,756 Map.java|156 : No need for any update for file : File 1
10 Jul 2018 15:01:00,756 Map.java|156 : No need for any update for file : File 2
10 Jul 2018 15:01:00,756 Map.java|159 : File needs update as its md5 is different. file : File 3
10 Jul 2018 15:01:00,756 Map.java|185 : changed files are : File 3,File 4,
10 Jul 2018 15:01:00,756 Map.java|186 : changed md5 are : 49123,6767,
10 Jul 2018 15:01:00,756 Map.java|187 : operation types are : 1,3,
10 Jul 2018 15:01:00,756 Map.java|188 : Locations of changed files are: downloads,desktop,
10 Jul 2018 15:01:00,756 Map.java|198 : sending to client
10 Jul 2018 15:11:37,191 Map.java|106 : Database and map updated
10 Jul 2018 15:11:37,191 Map.java|106 : Database and map updated
10 Jul 2018 15:11:37,191 Map.java|106 : Database and map updated
10 Jul 2018 15:11:37,191 Map.java|106 : Database and map updated
10 Jul 2018 15:11:37,191 Map.java|111 : 0,0,0,0,
10 Jul 2018 15:11:37,191 Map.java|116 : 0,0,0,0,
10 Jul 2018 15:11:37,191 Map.java|121 : File 1,File 2,File 3,File 4,
10 Jul 2018 15:11:37,191 Map.java|125 : 1234,5678,49123,6767,
10 Jul 2018 15:11:37,191 Map.java|129 : documents,documents,downloads,desktop,
10 Jul 2018 15:11:37,191 Map.java|133 : Windows 64 bit,Windows 64 bit,Windows 64 bit,Windows 64 bit,
10 Jul 2018 15:12:23,872 Map.java|106 : Database and map updated
10 Jul 2018 15:12:23,872 Map.java|106 : Database and map updated
10 Jul 2018 15:12:23,872 Map.java|106 : Database and map updated
10 Jul 2018 15:12:23,872 Map.java|106 : Database and map updated
10 Jul 2018 15:12:23,872 Map.java|111 : 0,0,0,0,
10 Jul 2018 15:12:23,872 Map.java|116 : 0,0,0,0,
10 Jul 2018 15:12:23,872 Map.java|121 : File 1,File 2,File 3,File 4,
10 Jul 2018 15:12:23,872 Map.java|125 : 1234,5678,49123,6767,
10 Jul 2018 15:12:23,872 Map.java|129 : documents,documents,downloads,desktop,
10 Jul 2018 15:12:23,872 Map.java|133 : Windows 64 bit,Windows 64 bit,Windows 64 bit,Windows 64 bit,
10 Jul 2018 15:12:23,903 Map.java|156 : No need for any update for file : File 1
10 Jul 2018 15:12:23,903 Map.java|156 : No need for any update for file : File 2
10 Jul 2018 15:12:23,919 Map.java|159 : File needs update as its md5 is different. file : File 3
10 Jul 2018 15:12:23,919 Map.java|185 : changed files are : File 3,File 4,
10 Jul 2018 15:12:23,919 Map.java|186 : changed md5 are : 49123,6767,
10 Jul 2018 15:12:23,919 Map.java|187 : operation types are : 1,3,
10 Jul 2018 15:12:23,919 Map.java|188 : Locations of changed files are: downloads,desktop,
10 Jul 2018 15:12:23,919 Map.java|198 : sending to client
10 Jul 2018 15:43:49,126 Map.java|106 : Database and map updated
10 Jul 2018 15:43:49,126 Map.java|106 : Database and map updated
10 Jul 2018 15:43:49,126 Map.java|106 : Database and map updated
10 Jul 2018 15:43:49,126 Map.java|106 : Database and map updated
10 Jul 2018 15:43:49,126 Map.java|111 : 0,0,0,0,
10 Jul 2018 15:43:49,126 Map.java|116 : 0,0,0,0,
10 Jul 2018 15:43:49,126 Map.java|121 : File 1,File 2,File 3,File 4,
10 Jul 2018 15:43:49,126 Map.java|125 : 1234,5678,49123,6767,
10 Jul 2018 15:43:49,126 Map.java|129 : documents,documents,downloads,desktop,
10 Jul 2018 15:43:49,126 Map.java|133 : Windows 64 bit,Windows 64 bit,Windows 64 bit,Windows 64 bit,
10 Jul 2018 15:43:49,195 Map.java|156 : No need for any update for file : File 1
10 Jul 2018 15:43:49,195 Map.java|156 : No need for any update for file : File 2
10 Jul 2018 15:43:49,195 Map.java|159 : File needs update as its md5 is different. file : File 3
10 Jul 2018 15:43:49,195 Map.java|185 : changed files are : File 3,File 4,
10 Jul 2018 15:43:49,195 Map.java|186 : changed md5 are : 49123,6767,
10 Jul 2018 15:43:49,195 Map.java|187 : operation types are : 1,3,
10 Jul 2018 15:43:49,211 Map.java|188 : Locations of changed files are: downloads,desktop,
10 Jul 2018 15:43:49,211 Map.java|198 : sending to client
12 Jul 2018 12:28:07,552 Map.java|71 : Database and map updated
12 Jul 2018 12:28:07,568 Map.java|71 : Database and map updated
12 Jul 2018 12:28:07,592 Map.java|71 : Database and map updated
12 Jul 2018 12:28:07,593 Map.java|71 : Database and map updated
12 Jul 2018 12:34:11,135 Map.java|71 : Database and map updated
12 Jul 2018 12:34:11,166 Map.java|71 : Database and map updated
12 Jul 2018 12:34:11,173 Map.java|71 : Database and map updated
12 Jul 2018 12:34:11,173 Map.java|71 : Database and map updated
12 Jul 2018 12:35:58,597 Map.java|71 : Database and map updated
12 Jul 2018 12:35:58,599 Map.java|71 : Database and map updated
12 Jul 2018 12:35:58,599 Map.java|71 : Database and map updated
12 Jul 2018 12:35:58,600 Map.java|71 : Database and map updated
12 Jul 2018 12:38:01,615 Map.java|71 : Database and map updated
12 Jul 2018 12:38:01,615 Map.java|71 : Database and map updated
12 Jul 2018 12:38:01,615 Map.java|71 : Database and map updated
12 Jul 2018 12:38:01,615 Map.java|71 : Database and map updated
12 Jul 2018 12:43:42,117 Map.java|71 : Database and map updated
12 Jul 2018 12:43:42,133 Map.java|71 : Database and map updated
12 Jul 2018 12:43:42,133 Map.java|71 : Database and map updated
12 Jul 2018 12:43:42,133 Map.java|71 : Database and map updated
12 Jul 2018 12:43:45,294 messageTypeUpdate.java|48 : 0,1,0,0,
12 Jul 2018 12:43:45,294 messageTypeUpdate.java|53 : 0,1,0,0,
12 Jul 2018 12:43:45,294 messageTypeUpdate.java|58 : File 1,File 2,File 3,File 4,
12 Jul 2018 12:43:45,294 messageTypeUpdate.java|62 : 1234,5678,49123,6767,
12 Jul 2018 12:43:45,294 messageTypeUpdate.java|66 : documents,documents,downloads,desktop,
12 Jul 2018 12:43:45,309 messageTypeUpdate.java|70 : Windows 64 bit,Windows 64 bit,Windows 64 bit,Windows 64 bit,
12 Jul 2018 12:43:45,325 messageTypeUpdate.java|92 : No need for any update for file : File 1
12 Jul 2018 12:43:45,325 messageTypeUpdate.java|101 : File does'nt exist on server. Delete file : File 2
12 Jul 2018 12:43:45,325 messageTypeUpdate.java|94 : File needs update as its md5 is different. file : File 3
12 Jul 2018 12:43:45,341 messageTypeUpdate.java|122 : changed files are : File 2,File 3,File 4,
12 Jul 2018 12:43:45,341 messageTypeUpdate.java|123 : changed md5 are : 5678,49123,6767,
12 Jul 2018 12:43:45,341 messageTypeUpdate.java|124 : operation types are : 2,1,3,
12 Jul 2018 12:43:45,341 messageTypeUpdate.java|125 : Locations of changed files are: documents,downloads,desktop,
12 Jul 2018 12:43:45,341 messageTypeUpdate.java|132 : packet needs to be returned
12 Jul 2018 13:06:36,632 Map.java|71 : Database and map updated
12 Jul 2018 13:06:36,632 Map.java|71 : Database and map updated
12 Jul 2018 13:06:36,648 Map.java|71 : Database and map updated
12 Jul 2018 13:06:36,648 Map.java|71 : Database and map updated
12 Jul 2018 13:06:38,811 messageTypeUpdate.java|49 : 0,1,0,0,
12 Jul 2018 13:06:38,811 messageTypeUpdate.java|54 : 0,1,0,0,
12 Jul 2018 13:06:38,811 messageTypeUpdate.java|59 : File 1,File 2,File 3,File 4,
12 Jul 2018 13:06:38,811 messageTypeUpdate.java|63 : 1234,5678,49123,6767,
12 Jul 2018 13:06:38,811 messageTypeUpdate.java|67 : documents,documents,downloads,desktop,
12 Jul 2018 13:06:38,811 messageTypeUpdate.java|71 : Windows 64 bit,Windows 64 bit,Windows 64 bit,Windows 64 bit,
12 Jul 2018 13:06:38,811 messageTypeUpdate.java|93 : No need for any update for file : File 1
12 Jul 2018 13:06:38,811 messageTypeUpdate.java|102 : File does'nt exist on server. Delete file : File 2
12 Jul 2018 13:06:38,811 messageTypeUpdate.java|95 : File needs update as its md5 is different. file : File 3
12 Jul 2018 13:06:38,827 messageTypeUpdate.java|123 : changed files are : File 2,File 3,File 4,
12 Jul 2018 13:06:38,827 messageTypeUpdate.java|124 : changed md5 are : 5678,49123,6767,
12 Jul 2018 13:06:38,827 messageTypeUpdate.java|125 : operation types are : 2,1,3,
12 Jul 2018 13:06:38,827 messageTypeUpdate.java|126 : Locations of changed files are: documents,downloads,desktop,
12 Jul 2018 13:06:38,827 messageTypeUpdate.java|133 : packet needs to be returned
12 Jul 2018 15:59:18,549 Map.java|71 : Database and map updated
12 Jul 2018 15:59:18,549 Map.java|71 : Database and map updated
12 Jul 2018 15:59:18,549 Map.java|71 : Database and map updated
12 Jul 2018 15:59:18,549 Map.java|71 : Database and map updated
12 Jul 2018 15:59:19,536 messageTypeUpdate.java|54 : 0,1,0,0,
12 Jul 2018 15:59:19,536 messageTypeUpdate.java|59 : File 1,File 2,File 3,File 4,
12 Jul 2018 15:59:19,536 messageTypeUpdate.java|63 : 1234,5678,49123,6767,
12 Jul 2018 15:59:19,536 messageTypeUpdate.java|67 : documents,documents,downloads,desktop,
12 Jul 2018 15:59:19,536 messageTypeUpdate.java|71 : Windows 64 bit,Windows 64 bit,Windows 64 bit,Windows 64 bit,
12 Jul 2018 15:59:19,536 messageTypeUpdate.java|93 : No need for any update for file : File 1
12 Jul 2018 15:59:19,536 messageTypeUpdate.java|102 : File does'nt exist on server. Delete file : File 2
12 Jul 2018 15:59:19,536 messageTypeUpdate.java|95 : File needs update as its md5 is different. file : File 3
12 Jul 2018 15:59:19,552 messageTypeUpdate.java|123 : changed files are : File 2,File 3,File 4,
12 Jul 2018 15:59:19,552 messageTypeUpdate.java|124 : changed md5 are : 5678,49123,6767,
12 Jul 2018 15:59:19,552 messageTypeUpdate.java|125 : operation types are : 2,1,3,
12 Jul 2018 15:59:19,552 messageTypeUpdate.java|126 : Locations of changed files are: documents,downloads,desktop,
12 Jul 2018 15:59:19,552 messageTypeUpdate.java|133 : packet needs to be returned
12 Jul 2018 16:45:03,499 Map.java|71 : Database and map updated
12 Jul 2018 16:45:03,499 Map.java|71 : Database and map updated
12 Jul 2018 16:45:03,499 Map.java|71 : Database and map updated
12 Jul 2018 16:45:03,514 Map.java|71 : Database and map updated
12 Jul 2018 16:45:03,514 DtoServer.java|32 : SERVER READY
12 Jul 2018 16:45:05,660 messageTypeUpdate.java|53 : 0,1,0,0,
12 Jul 2018 16:45:05,660 messageTypeUpdate.java|58 : File 1,File 2,File 3,File 4,
12 Jul 2018 16:45:05,660 messageTypeUpdate.java|62 : 1234,5678,49123,6767,
12 Jul 2018 16:45:05,660 messageTypeUpdate.java|66 : documents,documents,downloads,desktop,
12 Jul 2018 16:45:05,660 messageTypeUpdate.java|70 : Windows 64 bit,Windows 64 bit,Windows 64 bit,Windows 64 bit,
12 Jul 2018 16:45:05,660 messageTypeUpdate.java|92 : No need for any update for file : File 1
12 Jul 2018 16:45:05,660 messageTypeUpdate.java|101 : File does'nt exist on server. Delete file : File 2
12 Jul 2018 16:45:05,660 messageTypeUpdate.java|94 : File needs update as its md5 is different. file : File 3
12 Jul 2018 16:45:05,692 messageTypeUpdate.java|122 : changed files are : File 2,File 3,File 4,
12 Jul 2018 16:45:05,692 messageTypeUpdate.java|123 : changed md5 are : 5678,49123,6767,
12 Jul 2018 16:45:05,692 messageTypeUpdate.java|124 : operation types are : 2,1,3,
12 Jul 2018 16:45:05,692 messageTypeUpdate.java|125 : Locations of changed files are: documents,downloads,desktop,
12 Jul 2018 16:45:05,692 messageTypeUpdate.java|132 : packet needs to be returned
12 Jul 2018 16:56:16,258 Map.java|71 : Database and map updated
12 Jul 2018 16:56:16,258 Map.java|71 : Database and map updated
12 Jul 2018 16:56:16,258 Map.java|71 : Database and map updated
12 Jul 2018 16:56:16,258 Map.java|71 : Database and map updated
12 Jul 2018 16:56:16,258 DtoServer.java|32 : SERVER READY
12 Jul 2018 16:56:19,620 messageTypeUpdate.java|53 : 0,1,0,0,
12 Jul 2018 16:56:19,620 messageTypeUpdate.java|58 : File 1,File 2,File 3,File 4,
12 Jul 2018 16:56:19,620 messageTypeUpdate.java|62 : 1234,5678,49123,6767,
12 Jul 2018 16:56:19,620 messageTypeUpdate.java|66 : documents,documents,downloads,desktop,
12 Jul 2018 16:56:19,620 messageTypeUpdate.java|70 : Windows 64 bit,Windows 64 bit,Windows 64 bit,Windows 64 bit,
12 Jul 2018 16:56:19,636 messageTypeUpdate.java|92 : No need for any update for file : File 1
12 Jul 2018 16:56:19,636 messageTypeUpdate.java|101 : File does'nt exist on server. Delete file : File 2
12 Jul 2018 16:56:19,636 messageTypeUpdate.java|94 : File needs update as its md5 is different. file : File 3
12 Jul 2018 16:56:19,651 messageTypeUpdate.java|122 : changed files are : File 2,File 3,File 4,
12 Jul 2018 16:56:19,651 messageTypeUpdate.java|123 : changed md5 are : 5678,49123,6767,
12 Jul 2018 16:56:19,651 messageTypeUpdate.java|124 : operation types are : 2,1,3,
12 Jul 2018 16:56:19,651 messageTypeUpdate.java|125 : Locations of changed files are: documents,downloads,desktop,
12 Jul 2018 16:56:19,651 messageTypeUpdate.java|132 : packet needs to be returned
13 Jul 2018 12:41:34,014 Map.java|71 : Database and map updated
13 Jul 2018 12:41:34,018 Map.java|71 : Database and map updated
13 Jul 2018 12:41:34,030 Map.java|71 : Database and map updated
13 Jul 2018 12:41:34,030 Map.java|71 : Database and map updated
13 Jul 2018 12:41:34,030 DtoServer.java|32 : SERVER READY
13 Jul 2018 12:41:34,710 messageTypeUpdate.java|53 : 0,1,0,0,
13 Jul 2018 12:41:34,710 messageTypeUpdate.java|58 : File 1,File 2,File 3,File 4,
13 Jul 2018 12:41:34,710 messageTypeUpdate.java|62 : 1234,5678,49123,6767,
13 Jul 2018 12:41:34,710 messageTypeUpdate.java|66 : documents,documents,downloads,desktop,
13 Jul 2018 12:41:34,710 messageTypeUpdate.java|70 : Windows 64 bit,Windows 64 bit,Windows 64 bit,Windows 64 bit,
13 Jul 2018 12:41:34,722 messageTypeUpdate.java|92 : No need for any update for file : File 1
13 Jul 2018 12:41:34,726 messageTypeUpdate.java|101 : File does'nt exist on server. Delete file : File 2
13 Jul 2018 12:41:34,726 messageTypeUpdate.java|94 : File needs update as its md5 is different. file : File 3
13 Jul 2018 12:41:34,750 messageTypeUpdate.java|122 : changed files are : File 2,File 3,File 4,
13 Jul 2018 12:41:34,754 messageTypeUpdate.java|123 : changed md5 are : 5678,49123,6767,
13 Jul 2018 12:41:34,754 messageTypeUpdate.java|124 : operation types are : 2,1,3,
13 Jul 2018 12:41:34,754 messageTypeUpdate.java|125 : Locations of changed files are: documents,downloads,desktop,
13 Jul 2018 12:41:34,754 messageTypeUpdate.java|132 : packet needs to be returned
13 Jul 2018 12:44:48,454 Map.java|71 : Database and map updated
13 Jul 2018 12:44:48,454 Map.java|71 : Database and map updated
13 Jul 2018 12:44:48,454 Map.java|71 : Database and map updated
13 Jul 2018 12:44:48,458 Map.java|71 : Database and map updated
13 Jul 2018 12:44:48,458 DtoServer.java|32 : SERVER READY
13 Jul 2018 12:44:52,106 messageTypeUpdate.java|53 : 0,1,0,0,
13 Jul 2018 12:44:52,106 messageTypeUpdate.java|58 : File 1,File 2,File 3,File 4,
13 Jul 2018 12:44:52,106 messageTypeUpdate.java|62 : 1234,5678,49123,6767,
13 Jul 2018 12:44:52,106 messageTypeUpdate.java|66 : documents,documents,downloads,desktop,
13 Jul 2018 12:44:52,106 messageTypeUpdate.java|70 : Windows 64 bit,Windows 64 bit,Windows 64 bit,Windows 64 bit,
13 Jul 2018 12:44:52,106 messageTypeUpdate.java|92 : No need for any update for file : File 1
13 Jul 2018 12:44:52,106 messageTypeUpdate.java|101 : File does'nt exist on server. Delete file : File 2
13 Jul 2018 12:44:52,110 messageTypeUpdate.java|94 : File needs update as its md5 is different. file : File 3
13 Jul 2018 12:44:52,126 messageTypeUpdate.java|122 : changed files are : File 2,File 3,File 4,
13 Jul 2018 12:44:52,126 messageTypeUpdate.java|123 : changed md5 are : 5678,49123,6767,
13 Jul 2018 12:44:52,126 messageTypeUpdate.java|124 : operation types are : 2,1,3,
13 Jul 2018 12:44:52,126 messageTypeUpdate.java|125 : Locations of changed files are: documents,downloads,desktop,
13 Jul 2018 12:44:52,126 messageTypeUpdate.java|132 : packet needs to be returned
13 Jul 2018 12:54:00,210 Map.java|71 : Database and map updated
13 Jul 2018 12:54:00,210 Map.java|71 : Database and map updated
13 Jul 2018 12:54:00,210 Map.java|71 : Database and map updated
13 Jul 2018 12:54:00,214 Map.java|71 : Database and map updated
13 Jul 2018 12:54:00,214 DtoServer.java|32 : SERVER READY
13 Jul 2018 12:54:03,669 messageTypeUpdate.java|53 : 0,1,0,0,
13 Jul 2018 12:54:03,669 messageTypeUpdate.java|58 : File 1,File 2,File 3,File 4,
13 Jul 2018 12:54:03,669 messageTypeUpdate.java|62 : 1234,5678,49123,6767,
13 Jul 2018 12:54:03,669 messageTypeUpdate.java|66 : documents,documents,downloads,desktop,
13 Jul 2018 12:54:03,669 messageTypeUpdate.java|70 : Windows 64 bit,Windows 64 bit,Windows 64 bit,Windows 64 bit,
13 Jul 2018 12:54:03,669 messageTypeUpdate.java|92 : No need for any update for file : File 1
13 Jul 2018 12:54:03,669 messageTypeUpdate.java|101 : File does'nt exist on server. Delete file : File 2
13 Jul 2018 12:54:03,669 messageTypeUpdate.java|94 : File needs update as its md5 is different. file : File 3
13 Jul 2018 12:54:03,721 messageTypeUpdate.java|122 : changed files are : File 2,File 3,File 4,
13 Jul 2018 12:54:03,721 messageTypeUpdate.java|123 : changed md5 are : 5678,49123,6767,
13 Jul 2018 12:54:03,725 messageTypeUpdate.java|124 : operation types are : 2,1,3,
13 Jul 2018 12:54:03,725 messageTypeUpdate.java|125 : Locations of changed files are: documents,downloads,desktop,
13 Jul 2018 12:54:03,725 messageTypeUpdate.java|132 : packet needs to be returned
13 Jul 2018 12:55:14,822 Map.java|71 : Database and map updated
13 Jul 2018 12:55:14,826 Map.java|71 : Database and map updated
13 Jul 2018 12:55:14,826 Map.java|71 : Database and map updated
13 Jul 2018 12:55:14,826 Map.java|71 : Database and map updated
13 Jul 2018 12:55:14,826 DtoServer.java|32 : SERVER READY
13 Jul 2018 12:55:17,490 messageTypeUpdate.java|53 : 0,1,0,0,
13 Jul 2018 12:55:17,494 messageTypeUpdate.java|58 : File 1,File 2,File 3,File 4,
13 Jul 2018 12:55:17,494 messageTypeUpdate.java|62 : 1234,5678,49123,6767,
13 Jul 2018 12:55:17,494 messageTypeUpdate.java|66 : documents,documents,downloads,desktop,
13 Jul 2018 12:55:17,494 messageTypeUpdate.java|70 : Windows 64 bit,Windows 64 bit,Windows 64 bit,Windows 64 bit,
13 Jul 2018 12:55:17,494 messageTypeUpdate.java|92 : No need for any update for file : File 1
13 Jul 2018 12:55:17,494 messageTypeUpdate.java|101 : File does'nt exist on server. Delete file : File 2
13 Jul 2018 12:55:17,494 messageTypeUpdate.java|94 : File needs update as its md5 is different. file : File 3
13 Jul 2018 12:55:17,514 messageTypeUpdate.java|122 : changed files are : File 2,File 3,File 4,
13 Jul 2018 12:55:17,514 messageTypeUpdate.java|123 : changed md5 are : 5678,49123,6767,
13 Jul 2018 12:55:17,514 messageTypeUpdate.java|124 : operation types are : 2,1,3,
13 Jul 2018 12:55:17,514 messageTypeUpdate.java|125 : Locations of changed files are: documents,downloads,desktop,
13 Jul 2018 12:55:17,518 messageTypeUpdate.java|132 : packet needs to be returned
13 Jul 2018 12:57:31,533 Map.java|71 : Database and map updated
13 Jul 2018 12:57:31,533 Map.java|71 : Database and map updated
13 Jul 2018 12:57:31,569 Map.java|71 : Database and map updated
13 Jul 2018 12:57:31,573 Map.java|71 : Database and map updated
13 Jul 2018 12:57:31,573 DtoServer.java|32 : SERVER READY
13 Jul 2018 12:57:33,896 messageTypeUpdate.java|53 : 0,1,0,0,
13 Jul 2018 12:57:33,896 messageTypeUpdate.java|58 : File 1,File 2,File 3,File 4,
13 Jul 2018 12:57:33,896 messageTypeUpdate.java|62 : 1234,5678,49123,6767,
13 Jul 2018 12:57:33,896 messageTypeUpdate.java|66 : documents,documents,downloads,desktop,
13 Jul 2018 12:57:33,900 messageTypeUpdate.java|70 : Windows 64 bit,Windows 64 bit,Windows 64 bit,Windows 64 bit,
13 Jul 2018 12:57:33,900 messageTypeUpdate.java|92 : No need for any update for file : File 1
13 Jul 2018 12:57:33,900 messageTypeUpdate.java|101 : File does'nt exist on server. Delete file : File 2
13 Jul 2018 12:57:33,900 messageTypeUpdate.java|94 : File needs update as its md5 is different. file : File 3
13 Jul 2018 12:57:33,916 messageTypeUpdate.java|122 : changed files are : File 2,File 3,File 4,
13 Jul 2018 12:57:33,916 messageTypeUpdate.java|123 : changed md5 are : 5678,49123,6767,
13 Jul 2018 12:57:33,916 messageTypeUpdate.java|124 : operation types are : 2,1,3,
13 Jul 2018 12:57:33,916 messageTypeUpdate.java|125 : Locations of changed files are: documents,downloads,desktop,
13 Jul 2018 12:57:33,920 messageTypeUpdate.java|132 : packet needs to be returned
13 Jul 2018 13:09:51,653 Map.java|71 : Database and map updated
13 Jul 2018 13:09:51,655 Map.java|71 : Database and map updated
13 Jul 2018 13:09:51,656 Map.java|71 : Database and map updated
13 Jul 2018 13:09:51,657 Map.java|71 : Database and map updated
13 Jul 2018 13:09:51,658 DtoServer.java|32 : SERVER READY
13 Jul 2018 13:09:54,913 messageTypeUpdate.java|53 : 0,1,0,0,
13 Jul 2018 13:09:54,913 messageTypeUpdate.java|58 : File 1,File 2,File 3,File 4,
13 Jul 2018 13:09:54,913 messageTypeUpdate.java|62 : 1234,5678,49123,6767,
13 Jul 2018 13:09:54,914 messageTypeUpdate.java|66 : documents,documents,downloads,desktop,
13 Jul 2018 13:09:54,914 messageTypeUpdate.java|70 : Windows 64 bit,Windows 64 bit,Windows 64 bit,Windows 64 bit,
13 Jul 2018 13:09:54,916 messageTypeUpdate.java|92 : No need for any update for file : File 1
13 Jul 2018 13:09:54,916 messageTypeUpdate.java|101 : File does'nt exist on server. Delete file : File 2
13 Jul 2018 13:09:54,917 messageTypeUpdate.java|94 : File needs update as its md5 is different. file : File 3
13 Jul 2018 13:09:54,949 messageTypeUpdate.java|122 : changed files are : File 2,File 3,File 4,
13 Jul 2018 13:09:54,949 messageTypeUpdate.java|123 : changed md5 are : 5678,49123,6767,
13 Jul 2018 13:09:54,950 messageTypeUpdate.java|124 : operation types are : 2,1,3,
13 Jul 2018 13:09:54,950 messageTypeUpdate.java|125 : Locations of changed files are: documents,downloads,desktop,
13 Jul 2018 13:09:54,951 messageTypeUpdate.java|132 : packet needs to be returned
13 Jul 2018 13:12:04,530 Map.java|71 : Database and map updated
13 Jul 2018 13:12:04,532 Map.java|71 : Database and map updated
13 Jul 2018 13:12:04,533 Map.java|71 : Database and map updated
13 Jul 2018 13:12:04,534 Map.java|71 : Database and map updated
13 Jul 2018 13:12:04,535 DtoServer.java|32 : SERVER READY
13 Jul 2018 13:12:08,752 messageTypeUpdate.java|53 : 0,1,0,0,
13 Jul 2018 13:12:08,752 messageTypeUpdate.java|58 : File 1,File 2,File 3,File 4,
13 Jul 2018 13:12:08,755 messageTypeUpdate.java|62 : 1234,5678,49123,6767,
13 Jul 2018 13:12:08,755 messageTypeUpdate.java|66 : documents,documents,downloads,desktop,
13 Jul 2018 13:12:08,756 messageTypeUpdate.java|70 : Windows 64 bit,Windows 64 bit,Windows 64 bit,Windows 64 bit,
13 Jul 2018 13:12:08,757 messageTypeUpdate.java|92 : No need for any update for file : File 1
13 Jul 2018 13:12:08,758 messageTypeUpdate.java|101 : File does'nt exist on server. Delete file : File 2
13 Jul 2018 13:12:08,758 messageTypeUpdate.java|94 : File needs update as its md5 is different. file : File 3
13 Jul 2018 13:12:08,775 messageTypeUpdate.java|122 : changed files are : File 2,File 3,File 4,
13 Jul 2018 13:12:08,775 messageTypeUpdate.java|123 : changed md5 are : 5678,49123,6767,
13 Jul 2018 13:12:08,775 messageTypeUpdate.java|124 : operation types are : 2,1,3,
13 Jul 2018 13:12:08,776 messageTypeUpdate.java|125 : Locations of changed files are: documents,downloads,desktop,
13 Jul 2018 13:12:08,776 messageTypeUpdate.java|132 : packet needs to be returned
13 Jul 2018 13:12:08,937 messageTypeFileUpdate.java|36 : recieving from client for file update
13 Jul 2018 13:12:08,938 messageTypeFileUpdate.java|37 : Encrypting contents of file
13 Jul 2018 13:12:08,938 messageTypeFileUpdate.java|43 : file read by server to encrypt
13 Jul 2018 13:12:08,939 messageTypeFileUpdate.java|53 : java.io.FileNotFoundException: C:\Users\Anil\Documents\NetBeansProjects\DtoServer\File 3.txt (The system cannot find the file specified)
13 Jul 2018 13:12:09,017 messageTypeFileUpdate.java|36 : recieving from client for file update
13 Jul 2018 13:12:09,017 messageTypeFileUpdate.java|37 : Encrypting contents of file
13 Jul 2018 13:12:09,018 messageTypeFileUpdate.java|43 : file read by server to encrypt
13 Jul 2018 13:12:09,019 messageTypeFileUpdate.java|53 : java.io.FileNotFoundException: C:\Users\Anil\Documents\NetBeansProjects\DtoServer\File 4.txt (The system cannot find the file specified)
13 Jul 2018 13:19:40,562 Map.java|71 : Database and map updated
13 Jul 2018 13:19:40,565 Map.java|71 : Database and map updated
13 Jul 2018 13:19:40,566 Map.java|71 : Database and map updated
13 Jul 2018 13:19:40,567 Map.java|71 : Database and map updated
13 Jul 2018 13:19:40,568 DtoServer.java|32 : SERVER READY
13 Jul 2018 13:19:44,225 messageTypeUpdate.java|53 : 0,1,0,0,
13 Jul 2018 13:19:44,225 messageTypeUpdate.java|58 : File 1,File 2,File 3,File 4,
13 Jul 2018 13:19:44,225 messageTypeUpdate.java|62 : 1234,5678,49123,6767,
13 Jul 2018 13:19:44,225 messageTypeUpdate.java|66 : documents,documents,downloads,desktop,
13 Jul 2018 13:19:44,226 messageTypeUpdate.java|70 : Windows 64 bit,Windows 64 bit,Windows 64 bit,Windows 64 bit,
13 Jul 2018 13:19:44,227 messageTypeUpdate.java|92 : No need for any update for file : File 1
13 Jul 2018 13:19:44,228 messageTypeUpdate.java|101 : File does'nt exist on server. Delete file : File 2
13 Jul 2018 13:19:44,228 messageTypeUpdate.java|94 : File needs update as its md5 is different. file : File 3
13 Jul 2018 13:19:44,244 messageTypeUpdate.java|122 : changed files are : File 2,File 3,File 4,
13 Jul 2018 13:19:44,244 messageTypeUpdate.java|123 : changed md5 are : 5678,49123,6767,
13 Jul 2018 13:19:44,245 messageTypeUpdate.java|124 : operation types are : 2,1,3,
13 Jul 2018 13:19:44,245 messageTypeUpdate.java|125 : Locations of changed files are: documents,downloads,desktop,
13 Jul 2018 13:19:44,246 messageTypeUpdate.java|132 : packet needs to be returned
13 Jul 2018 13:19:44,347 messageTypeFileUpdate.java|36 : recieving from client for file update
13 Jul 2018 13:19:44,347 messageTypeFileUpdate.java|37 : Encrypting contents of file
13 Jul 2018 13:19:44,347 messageTypeFileUpdate.java|43 : file read by server to encrypt
13 Jul 2018 13:19:44,348 messageTypeFileUpdate.java|60 : in encrypt block
13 Jul 2018 13:19:46,359 messageTypeFileUpdate.java|65 : block encrypt
13 Jul 2018 13:19:46,364 messageTypeFileUpdate.java|48 : Encrypted text: pnPxiESt+lU64Q827EIiG4wMT7E7WVdMcWrp0h3lJVZo21wQO3TTdUxOgGssGjJm8MOatRh7+dET
Lu27Ed+gTg==
13 Jul 2018 13:19:46,990 messageTypeFileUpdate.java|36 : recieving from client for file update
13 Jul 2018 13:19:46,992 messageTypeFileUpdate.java|37 : Encrypting contents of file
13 Jul 2018 13:19:46,992 messageTypeFileUpdate.java|43 : file read by server to encrypt
13 Jul 2018 13:19:46,993 messageTypeFileUpdate.java|60 : in encrypt block
13 Jul 2018 13:19:46,993 messageTypeFileUpdate.java|65 : block encrypt
13 Jul 2018 13:19:46,994 messageTypeFileUpdate.java|48 : Encrypted text: WlwpVBLnyFqOwz9O6yjIuhD90/EC4tMcXEtYtf+gHy0=
13 Jul 2018 17:45:46,027 Map.java|71 : Database and map updated
13 Jul 2018 17:45:46,042 Map.java|71 : Database and map updated
13 Jul 2018 17:45:46,042 Map.java|71 : Database and map updated
13 Jul 2018 17:45:46,042 Map.java|71 : Database and map updated
13 Jul 2018 17:45:46,042 DtoServer.java|32 : SERVER READY
13 Jul 2018 17:45:54,188 messageTypeUpdate.java|53 : 0,1,0,0,
13 Jul 2018 17:45:54,188 messageTypeUpdate.java|58 : File 1,File 2,File 3,File 4,
13 Jul 2018 17:45:54,188 messageTypeUpdate.java|62 : 1234,5678,49123,6767,
13 Jul 2018 17:45:54,188 messageTypeUpdate.java|66 : documents,documents,downloads,desktop,
13 Jul 2018 17:45:54,188 messageTypeUpdate.java|70 : Windows 64 bit,Windows 64 bit,Windows 64 bit,Windows 64 bit,
13 Jul 2018 17:45:54,204 messageTypeUpdate.java|92 : No need for any update for file : File 1
13 Jul 2018 17:45:54,204 messageTypeUpdate.java|101 : File does'nt exist on server. Delete file : File 2
13 Jul 2018 17:45:54,204 messageTypeUpdate.java|94 : File needs update as its md5 is different. file : File 3
13 Jul 2018 17:45:54,235 messageTypeUpdate.java|122 : changed files are : File 2,File 3,File 4,
13 Jul 2018 17:45:54,235 messageTypeUpdate.java|123 : changed md5 are : 5678,49123,6767,
13 Jul 2018 17:45:54,235 messageTypeUpdate.java|124 : operation types are : 2,1,3,
13 Jul 2018 17:45:54,235 messageTypeUpdate.java|125 : Locations of changed files are: documents,downloads,desktop,
13 Jul 2018 17:45:54,235 messageTypeUpdate.java|132 : packet needs to be returned
13 Jul 2018 22:44:41,113 Map.java|71 : Database and map updated
13 Jul 2018 22:44:41,113 Map.java|71 : Database and map updated
13 Jul 2018 22:44:41,113 Map.java|71 : Database and map updated
13 Jul 2018 22:44:41,113 Map.java|71 : Database and map updated
13 Jul 2018 22:44:41,113 DtoServer.java|32 : SERVER READY
13 Jul 2018 22:45:22,239 Map.java|71 : Database and map updated
13 Jul 2018 22:45:22,255 Map.java|71 : Database and map updated
13 Jul 2018 22:45:22,255 Map.java|71 : Database and map updated
13 Jul 2018 22:45:22,255 Map.java|71 : Database and map updated
13 Jul 2018 22:45:22,255 DtoServer.java|32 : SERVER READY
13 Jul 2018 22:45:25,491 messageTypeUpdate.java|53 : 0,1,0,0,
13 Jul 2018 22:45:25,491 messageTypeUpdate.java|58 : File 1,File 2,File 3,File 4,
13 Jul 2018 22:45:25,491 messageTypeUpdate.java|62 : 1234,5678,49123,6767,
13 Jul 2018 22:45:25,491 messageTypeUpdate.java|66 : documents,documents,downloads,desktop,
13 Jul 2018 22:45:25,491 messageTypeUpdate.java|70 : Windows 64 bit,Windows 64 bit,Windows 64 bit,Windows 64 bit,
13 Jul 2018 22:45:25,506 messageTypeUpdate.java|92 : No need for any update for file : File 1
13 Jul 2018 22:45:25,506 messageTypeUpdate.java|101 : File does'nt exist on server. Delete file : File 2
13 Jul 2018 22:45:25,506 messageTypeUpdate.java|94 : File needs update as its md5 is different. file : File 3
13 Jul 2018 22:45:25,522 messageTypeUpdate.java|122 : changed files are : File 2,File 3,File 4,
13 Jul 2018 22:45:25,522 messageTypeUpdate.java|123 : changed md5 are : 5678,49123,6767,
13 Jul 2018 22:45:25,522 messageTypeUpdate.java|124 : operation types are : 2,1,3,
13 Jul 2018 22:45:25,522 messageTypeUpdate.java|125 : Locations of changed files are: documents,downloads,desktop,
13 Jul 2018 22:45:25,522 messageTypeUpdate.java|132 : packet needs to be returned
13 Jul 2018 22:58:10,783 Map.java|71 : Database and map updated
13 Jul 2018 22:58:10,783 Map.java|71 : Database and map updated
13 Jul 2018 22:58:10,783 Map.java|71 : Database and map updated
13 Jul 2018 22:58:10,783 Map.java|71 : Database and map updated
13 Jul 2018 22:58:10,799 DtoServer.java|32 : SERVER READY
13 Jul 2018 22:58:14,297 messageTypeUpdate.java|53 : 0,1,0,0,
13 Jul 2018 22:58:14,297 messageTypeUpdate.java|58 : File 1,File 2,File 3,File 4,
13 Jul 2018 22:58:14,297 messageTypeUpdate.java|62 : 1234,5678,49123,6767,
13 Jul 2018 22:58:14,297 messageTypeUpdate.java|66 : documents,documents,downloads,desktop,
13 Jul 2018 22:58:14,297 messageTypeUpdate.java|70 : Windows 64 bit,Windows 64 bit,Windows 64 bit,Windows 64 bit,
13 Jul 2018 22:58:14,297 messageTypeUpdate.java|92 : No need for any update for file : File 1
13 Jul 2018 22:58:14,297 messageTypeUpdate.java|101 : File does'nt exist on server. Delete file : File 2
13 Jul 2018 22:58:14,297 messageTypeUpdate.java|94 : File needs update as its md5 is different. file : File 3
13 Jul 2018 22:58:14,312 messageTypeUpdate.java|122 : changed files are : File 2,File 3,File 4,
13 Jul 2018 22:58:14,312 messageTypeUpdate.java|123 : changed md5 are : 5678,49123,6767,
13 Jul 2018 22:58:14,312 messageTypeUpdate.java|124 : operation types are : 2,1,3,
13 Jul 2018 22:58:14,312 messageTypeUpdate.java|125 : Locations of changed files are: documents,downloads,desktop,
13 Jul 2018 22:58:14,312 messageTypeUpdate.java|132 : packet needs to be returned
13 Jul 2018 23:02:37,239 Map.java|71 : Database and map updated
13 Jul 2018 23:02:37,239 Map.java|71 : Database and map updated
13 Jul 2018 23:02:37,239 Map.java|71 : Database and map updated
13 Jul 2018 23:02:37,239 Map.java|71 : Database and map updated
13 Jul 2018 23:02:37,239 DtoServer.java|32 : SERVER READY
13 Jul 2018 23:02:40,329 messageTypeUpdate.java|53 : 0,1,0,0,
13 Jul 2018 23:02:40,329 messageTypeUpdate.java|58 : File 1,File 2,File 3,File 4,
13 Jul 2018 23:02:40,329 messageTypeUpdate.java|62 : 1234,5678,49123,6767,
13 Jul 2018 23:02:40,329 messageTypeUpdate.java|66 : documents,documents,downloads,desktop,
13 Jul 2018 23:02:40,329 messageTypeUpdate.java|70 : Windows 64 bit,Windows 64 bit,Windows 64 bit,Windows 64 bit,
13 Jul 2018 23:02:40,329 messageTypeUpdate.java|92 : No need for any update for file : File 1
13 Jul 2018 23:02:40,329 messageTypeUpdate.java|101 : File does'nt exist on server. Delete file : File 2
13 Jul 2018 23:02:40,329 messageTypeUpdate.java|94 : File needs update as its md5 is different. file : File 3
13 Jul 2018 23:02:40,344 messageTypeUpdate.java|122 : changed files are : File 2,File 3,File 4,
13 Jul 2018 23:02:40,344 messageTypeUpdate.java|123 : changed md5 are : 5678,49123,6767,
13 Jul 2018 23:02:40,344 messageTypeUpdate.java|124 : operation types are : 2,1,3,
13 Jul 2018 23:02:40,344 messageTypeUpdate.java|125 : Locations of changed files are: documents,downloads,desktop,
13 Jul 2018 23:02:40,360 messageTypeUpdate.java|132 : packet needs to be returned
13 Jul 2018 23:05:03,445 Map.java|71 : Database and map updated
13 Jul 2018 23:05:03,445 Map.java|71 : Database and map updated
13 Jul 2018 23:05:03,445 Map.java|71 : Database and map updated
13 Jul 2018 23:05:03,445 Map.java|71 : Database and map updated
13 Jul 2018 23:05:03,445 DtoServer.java|32 : SERVER READY
13 Jul 2018 23:05:07,829 messageTypeUpdate.java|53 : 0,1,0,0,
13 Jul 2018 23:05:07,829 messageTypeUpdate.java|58 : File 1,File 2,File 3,File 4,
13 Jul 2018 23:05:07,844 messageTypeUpdate.java|62 : 1234,5678,49123,6767,
13 Jul 2018 23:05:07,844 messageTypeUpdate.java|66 : documents,documents,downloads,desktop,
13 Jul 2018 23:05:07,844 messageTypeUpdate.java|70 : Windows 64 bit,Windows 64 bit,Windows 64 bit,Windows 64 bit,
13 Jul 2018 23:05:07,844 messageTypeUpdate.java|92 : No need for any update for file : File 1
13 Jul 2018 23:05:07,844 messageTypeUpdate.java|101 : File does'nt exist on server. Delete file : File 2
13 Jul 2018 23:05:07,844 messageTypeUpdate.java|94 : File needs update as its md5 is different. file : File 3
13 Jul 2018 23:05:07,860 messageTypeUpdate.java|122 : changed files are : File 2,File 3,File 4,
13 Jul 2018 23:05:07,860 messageTypeUpdate.java|123 : changed md5 are : 5678,49123,6767,
13 Jul 2018 23:05:07,860 messageTypeUpdate.java|124 : operation types are : 2,1,3,
13 Jul 2018 23:05:07,860 messageTypeUpdate.java|125 : Locations of changed files are: documents,downloads,desktop,
13 Jul 2018 23:05:07,860 messageTypeUpdate.java|132 : packet needs to be returned
13 Jul 2018 23:05:08,001 messageTypeFileUpdate.java|36 : recieving from client for file update
13 Jul 2018 23:05:08,001 messageTypeFileUpdate.java|37 : Encrypting contents of file
13 Jul 2018 23:05:08,001 messageTypeFileUpdate.java|43 : file read by server to encrypt
13 Jul 2018 23:05:08,001 messageTypeFileUpdate.java|60 : in encrypt block
13 Jul 2018 23:05:08,547 messageTypeFileUpdate.java|65 : block encrypt
13 Jul 2018 23:05:08,579 messageTypeFileUpdate.java|48 : Encrypted text: pnPxiESt+lU64Q827EIiG4wMT7E7WVdMcWrp0h3lJVZo21wQO3TTdUxOgGssGjJm8MOatRh7+dET
Lu27Ed+gTg==
13 Jul 2018 23:05:09,219 messageTypeFileUpdate.java|36 : recieving from client for file update
13 Jul 2018 23:05:09,219 messageTypeFileUpdate.java|37 : Encrypting contents of file
13 Jul 2018 23:05:09,219 messageTypeFileUpdate.java|43 : file read by server to encrypt
13 Jul 2018 23:05:09,219 messageTypeFileUpdate.java|60 : in encrypt block
13 Jul 2018 23:05:09,219 messageTypeFileUpdate.java|65 : block encrypt
13 Jul 2018 23:05:09,219 messageTypeFileUpdate.java|48 : Encrypted text: WlwpVBLnyFqOwz9O6yjIuhD90/EC4tMcXEtYtf+gHy0=
