09 Jul 2018 16:52:09,659 Map.java|106 : Database and map updated
09 Jul 2018 16:52:09,665 Map.java|106 : Database and map updated
09 Jul 2018 16:52:09,666 Map.java|106 : Database and map updated
09 Jul 2018 16:52:09,667 Map.java|106 : Database and map updated
09 Jul 2018 16:52:09,668 Map.java|111 : 0,1,0,0,
09 Jul 2018 16:52:09,668 Map.java|116 : 0,1,0,0,
09 Jul 2018 16:52:09,669 Map.java|121 : File 1,File 2,File 3,File 4,
09 Jul 2018 16:52:09,669 Map.java|125 : 1234,5678,49123,6767,
09 Jul 2018 16:52:09,670 Map.java|129 : documents,documents,downloads,desktop,
09 Jul 2018 16:52:09,671 Map.java|133 : Windows 64 bit,Windows 64 bit,Windows 64 bit,Windows 64 bit,
09 Jul 2018 16:52:09,764 Map.java|156 : No need for any update for file : File 1
09 Jul 2018 16:52:09,764 Map.java|167 : File does'nt exist on server. Delete file : File 2
09 Jul 2018 16:52:09,765 Map.java|159 : File needs update as its md5 is different. file : File 3
09 Jul 2018 16:52:09,766 Map.java|185 : changed files are : File 2,File 3,File 4,
09 Jul 2018 16:52:09,767 Map.java|186 : changed md5 are : 5678,9123,6767,
09 Jul 2018 16:52:09,767 Map.java|187 : operation types are : 2,1,3,
09 Jul 2018 16:52:09,768 Map.java|188 : Locations of changed files are: documents,downloads,desktop,
09 Jul 2018 16:52:09,769 Map.java|198 : sending to client
09 Jul 2018 16:52:09,777 Map.java|200 : recieving from client for file update
09 Jul 2018 16:53:41,232 Map.java|106 : Database and map updated
09 Jul 2018 16:53:41,234 Map.java|106 : Database and map updated
09 Jul 2018 16:53:41,235 Map.java|106 : Database and map updated
09 Jul 2018 16:53:41,236 Map.java|106 : Database and map updated
09 Jul 2018 16:53:41,236 Map.java|111 : 0,1,0,0,
09 Jul 2018 16:53:41,236 Map.java|116 : 0,1,0,0,
09 Jul 2018 16:53:41,236 Map.java|121 : File 1,File 2,File 3,File 4,
09 Jul 2018 16:53:41,237 Map.java|125 : 1234,5678,49123,6767,
09 Jul 2018 16:53:41,237 Map.java|129 : documents,documents,downloads,desktop,
09 Jul 2018 16:53:41,237 Map.java|133 : Windows 64 bit,Windows 64 bit,Windows 64 bit,Windows 64 bit,
09 Jul 2018 16:53:41,284 Map.java|156 : No need for any update for file : File 1
09 Jul 2018 16:53:41,284 Map.java|167 : File does'nt exist on server. Delete file : File 3
09 Jul 2018 16:53:41,285 Map.java|167 : File does'nt exist on server. Delete file : null
09 Jul 2018 16:53:41,353 Map.java|185 : changed files are : File 3,null,File 4,
09 Jul 2018 16:53:41,354 Map.java|186 : changed md5 are : 9123,null,6767,
09 Jul 2018 16:53:41,354 Map.java|187 : operation types are : 2,2,3,
09 Jul 2018 16:53:41,355 Map.java|188 : Locations of changed files are: documents,downloads,desktop,
09 Jul 2018 16:53:41,359 Map.java|198 : sending to client
09 Jul 2018 16:53:41,365 Map.java|200 : recieving from client for file update
09 Jul 2018 16:55:16,835 Map.java|106 : Database and map updated
09 Jul 2018 16:55:16,846 Map.java|106 : Database and map updated
09 Jul 2018 16:55:16,847 Map.java|106 : Database and map updated
09 Jul 2018 16:55:16,854 Map.java|106 : Database and map updated
09 Jul 2018 16:55:16,855 Map.java|111 : 0,1,0,0,
09 Jul 2018 16:55:16,855 Map.java|116 : 0,1,0,0,
09 Jul 2018 16:55:16,855 Map.java|121 : File 1,File 2,File 3,File 4,
09 Jul 2018 16:55:16,855 Map.java|125 : 1234,5678,49123,6767,
09 Jul 2018 16:55:16,856 Map.java|129 : documents,documents,downloads,desktop,
09 Jul 2018 16:55:16,856 Map.java|133 : Windows 64 bit,Windows 64 bit,Windows 64 bit,Windows 64 bit,
09 Jul 2018 16:55:16,909 Map.java|156 : No need for any update for file : File 1
09 Jul 2018 16:55:16,910 Map.java|167 : File does'nt exist on server. Delete file : File 2
09 Jul 2018 16:55:16,910 Map.java|159 : File needs update as its md5 is different. file : File 3
09 Jul 2018 16:55:16,932 Map.java|185 : changed files are : File 2,File 3,File 4,
09 Jul 2018 16:55:16,932 Map.java|186 : changed md5 are : 5678,9123,6767,
09 Jul 2018 16:55:16,933 Map.java|187 : operation types are : 2,1,3,
09 Jul 2018 16:55:16,933 Map.java|188 : Locations of changed files are: documents,downloads,desktop,
09 Jul 2018 16:55:16,934 Map.java|198 : sending to client
09 Jul 2018 16:55:16,937 Map.java|200 : recieving from client for file update
09 Jul 2018 16:59:28,850 Map.java|106 : Database and map updated
09 Jul 2018 16:59:28,852 Map.java|106 : Database and map updated
09 Jul 2018 16:59:28,853 Map.java|106 : Database and map updated
09 Jul 2018 16:59:28,854 Map.java|106 : Database and map updated
09 Jul 2018 16:59:28,854 Map.java|111 : 0,1,0,0,
09 Jul 2018 16:59:28,855 Map.java|116 : 0,1,0,0,
09 Jul 2018 16:59:28,855 Map.java|121 : File 1,File 2,File 3,File 4,
09 Jul 2018 16:59:28,855 Map.java|125 : 1234,5678,49123,6767,
09 Jul 2018 16:59:28,855 Map.java|129 : documents,documents,downloads,desktop,
09 Jul 2018 16:59:28,856 Map.java|133 : Windows 64 bit,Windows 64 bit,Windows 64 bit,Windows 64 bit,
09 Jul 2018 17:01:22,427 Map.java|106 : Database and map updated
09 Jul 2018 17:01:22,429 Map.java|106 : Database and map updated
09 Jul 2018 17:01:22,430 Map.java|106 : Database and map updated
09 Jul 2018 17:01:22,431 Map.java|106 : Database and map updated
09 Jul 2018 17:01:22,432 Map.java|111 : 0,1,0,0,
09 Jul 2018 17:01:22,432 Map.java|116 : 0,1,0,0,
09 Jul 2018 17:01:22,432 Map.java|121 : File 1,File 2,File 3,File 4,
09 Jul 2018 17:01:22,432 Map.java|125 : 1234,5678,49123,6767,
09 Jul 2018 17:01:22,433 Map.java|129 : documents,documents,downloads,desktop,
09 Jul 2018 17:01:22,433 Map.java|133 : Windows 64 bit,Windows 64 bit,Windows 64 bit,Windows 64 bit,
